Copyright 1986-2018 Xilinx, Inc. All Rights Reserved.
---------------------------------------------------------------------------------------
| Tool Version : Vivado v.2018.3 (win64) Build 2405991 Thu Dec  6 23:38:27 MST 2018
| Date         : Thu Nov 16 19:04:25 2023
| Host         : dell-free running 64-bit major release  (build 9200)
| Command      : report_control_sets -verbose -file AutoRotate_control_sets_placed.rpt
| Design       : AutoRotate
| Device       : xc7a100t
---------------------------------------------------------------------------------------

Control Set Information

Table of Contents
-----------------
1. Summary
2. Histogram
3. Flip-Flop Distribution
4. Detailed Control Set Information

1. Summary
----------

+----------------------------------------------------------+-------+
|                          Status                          | Count |
+----------------------------------------------------------+-------+
| Number of unique control sets                            |     3 |
| Unused register locations in slices containing registers |     9 |
+----------------------------------------------------------+-------+


2. Histogram
------------

+--------+--------------+
| Fanout | Control Sets |
+--------+--------------+
|      4 |            2 |
|    16+ |            1 |
+--------+--------------+


3. Flip-Flop Distribution
-------------------------

+--------------+-----------------------+------------------------+-----------------+--------------+
| Clock Enable | Synchronous Set/Reset | Asynchronous Set/Reset | Total Registers | Total Slices |
+--------------+-----------------------+------------------------+-----------------+--------------+
| No           | No                    | No                     |               0 |            0 |
| No           | No                    | Yes                    |               0 |            0 |
| No           | Yes                   | No                     |              27 |            9 |
| Yes          | No                    | No                     |               4 |            1 |
| Yes          | No                    | Yes                    |               0 |            0 |
| Yes          | Yes                   | No                     |               0 |            0 |
+--------------+-----------------------+------------------------+-----------------+--------------+


4. Detailed Control Set Information
-----------------------------------

+---------------+---------------+------------------------+------------------+----------------+
|  Clock Signal | Enable Signal |    Set/Reset Signal    | Slice Load Count | Bel Load Count |
+---------------+---------------+------------------------+------------------+----------------+
|  clk_out_BUFG |               | reset_IBUF             |                3 |              4 |
|  clk_out_BUFG | pointer       |                        |                1 |              4 |
|  clk_out_BUFG |               | big_counter[0]_i_1_n_0 |                6 |             23 |
+---------------+---------------+------------------------+------------------+----------------+


