Vivado Simulator 2018.3
Copyright 1986-1999, 2001-2018 Xilinx, Inc. All Rights Reserved.
Running: C:/Xilinx/Vivado/2018.3/bin/unwrapped/win64.o/xelab.exe -wto 50f606291c16447b97ea6b53aef4c8da --incr --debug typical --relax --mt 2 --maxdelay -L xil_defaultlib -L simprims_ver -L secureip --snapshot Vgacontroller_tb_time_impl -transport_int_delays -pulse_r 0 -pulse_int_r 0 -pulse_e 0 -pulse_int_e 0 xil_defaultlib.Vgacontroller_tb xil_defaultlib.glbl -log elaborate.log 
Using 2 slave threads.
Starting static elaboration
Completed static elaboration
Starting simulation data flow analysis
Completed simulation data flow analysis
INFO: [XSIM 43-3451] SDF backannotation process started with SDF file "Vgacontroller_tb_time_impl.sdf", for root module "Vgacontroller_tb/TEST".
INFO: [XSIM 43-3452] SDF backannotation was successful for SDF file "Vgacontroller_tb_time_impl.sdf", for root module "Vgacontroller_tb/TEST".
Time Resolution for simulation is 1ps
Compiling module simprims_ver.OBUF
Compiling module simprims_ver.RB18_INTERNAL_VLOG(RDADDR_COLLIS...
Compiling module simprims_ver.RAMB18E1(INIT_00=256'b0111111111...
Compiling module xil_defaultlib.BRAM_SINGLE_MACRO__parameterized...
Compiling module xil_defaultlib.VRAMblue
Compiling module simprims_ver.BUFG
Compiling module simprims_ver.IBUF
Compiling module simprims_ver.RB18_INTERNAL_VLOG(RDADDR_COLLIS...
Compiling module simprims_ver.RAMB18E1(INIT_00=256'b0111111111...
Compiling module xil_defaultlib.BRAM_SINGLE_MACRO__parameterized...
Compiling module xil_defaultlib.VRAMgreen
Compiling module simprims_ver.LUT6
Compiling module simprims_ver.LUT5
Compiling module simprims_ver.LUT4
Compiling module simprims_ver.x_lut3_mux8
Compiling module simprims_ver.LUT3
Compiling module simprims_ver.FDCE_default
Compiling module simprims_ver.x_lut1_mux2
Compiling module simprims_ver.LUT1
Compiling module simprims_ver.x_lut2_mux4
Compiling module simprims_ver.LUT2
Compiling module simprims_ver.CARRY4
Compiling module xil_defaultlib.Hsync
Compiling module simprims_ver.RB18_INTERNAL_VLOG(RDADDR_COLLIS...
Compiling module simprims_ver.RAMB18E1(INIT_00=256'b1111111111...
Compiling module xil_defaultlib.BRAM_SINGLE_MACRO_viv_
Compiling module xil_defaultlib.VRAMred
Compiling module xil_defaultlib.Vsync
Compiling module xil_defaultlib.vgacontroller
Compiling module xil_defaultlib.Vgacontroller_tb
Compiling module xil_defaultlib.glbl
Built simulation snapshot Vgacontroller_tb_time_impl
