INFO: [VRFC 10-2263] Analyzing Verilog file "C:/Users/sstat/OneDrive/Documents/GitHub/Digital-Circuit-Lab/project_1/project_1.srcs/sources_1/new/PartA.v" into library xil_defaultlib
INFO: [VRFC 10-311] analyzing module LEDdecoder
INFO: [VRFC 10-2263] Analyzing Verilog file "C:/Users/sstat/OneDrive/Documents/GitHub/Digital-Circuit-Lab/project_1/project_1.srcs/sources_1/new/PartB.v" into library xil_defaultlib
INFO: [VRFC 10-311] analyzing module FourDigitLEDdriver
INFO: [VRFC 10-2458] undeclared symbol CLKOUT0, assumed default net type wire [C:/Users/sstat/OneDrive/Documents/GitHub/Digital-Circuit-Lab/project_1/project_1.srcs/sources_1/new/PartB.v:46]
INFO: [VRFC 10-2458] undeclared symbol CLKOUT0B, assumed default net type wire [C:/Users/sstat/OneDrive/Documents/GitHub/Digital-Circuit-Lab/project_1/project_1.srcs/sources_1/new/PartB.v:47]
INFO: [VRFC 10-2458] undeclared symbol CLKOUT1B, assumed default net type wire [C:/Users/sstat/OneDrive/Documents/GitHub/Digital-Circuit-Lab/project_1/project_1.srcs/sources_1/new/PartB.v:49]
INFO: [VRFC 10-2458] undeclared symbol CLKOUT2, assumed default net type wire [C:/Users/sstat/OneDrive/Documents/GitHub/Digital-Circuit-Lab/project_1/project_1.srcs/sources_1/new/PartB.v:50]
INFO: [VRFC 10-2458] undeclared symbol CLKOUT2B, assumed default net type wire [C:/Users/sstat/OneDrive/Documents/GitHub/Digital-Circuit-Lab/project_1/project_1.srcs/sources_1/new/PartB.v:51]
INFO: [VRFC 10-2458] undeclared symbol CLKOUT3, assumed default net type wire [C:/Users/sstat/OneDrive/Documents/GitHub/Digital-Circuit-Lab/project_1/project_1.srcs/sources_1/new/PartB.v:52]
INFO: [VRFC 10-2458] undeclared symbol CLKOUT3B, assumed default net type wire [C:/Users/sstat/OneDrive/Documents/GitHub/Digital-Circuit-Lab/project_1/project_1.srcs/sources_1/new/PartB.v:53]
INFO: [VRFC 10-2458] undeclared symbol CLKOUT4, assumed default net type wire [C:/Users/sstat/OneDrive/Documents/GitHub/Digital-Circuit-Lab/project_1/project_1.srcs/sources_1/new/PartB.v:54]
INFO: [VRFC 10-2458] undeclared symbol CLKOUT5, assumed default net type wire [C:/Users/sstat/OneDrive/Documents/GitHub/Digital-Circuit-Lab/project_1/project_1.srcs/sources_1/new/PartB.v:55]
INFO: [VRFC 10-2458] undeclared symbol CLKOUT6, assumed default net type wire [C:/Users/sstat/OneDrive/Documents/GitHub/Digital-Circuit-Lab/project_1/project_1.srcs/sources_1/new/PartB.v:56]
INFO: [VRFC 10-2458] undeclared symbol CLKFBOUT, assumed default net type wire [C:/Users/sstat/OneDrive/Documents/GitHub/Digital-Circuit-Lab/project_1/project_1.srcs/sources_1/new/PartB.v:58]
INFO: [VRFC 10-2458] undeclared symbol CLKFBIN, assumed default net type wire [C:/Users/sstat/OneDrive/Documents/GitHub/Digital-Circuit-Lab/project_1/project_1.srcs/sources_1/new/PartB.v:59]
INFO: [VRFC 10-2458] undeclared symbol LOCKED, assumed default net type wire [C:/Users/sstat/OneDrive/Documents/GitHub/Digital-Circuit-Lab/project_1/project_1.srcs/sources_1/new/PartB.v:61]
INFO: [VRFC 10-2458] undeclared symbol PWRDWN, assumed default net type wire [C:/Users/sstat/OneDrive/Documents/GitHub/Digital-Circuit-Lab/project_1/project_1.srcs/sources_1/new/PartB.v:65]
INFO: [VRFC 10-2458] undeclared symbol RST, assumed default net type wire [C:/Users/sstat/OneDrive/Documents/GitHub/Digital-Circuit-Lab/project_1/project_1.srcs/sources_1/new/PartB.v:66]
INFO: [VRFC 10-2263] Analyzing Verilog file "C:/Users/sstat/OneDrive/Documents/GitHub/Digital-Circuit-Lab/project_1/project_1.srcs/sim_1/new/PartB_tb.v" into library xil_defaultlib
INFO: [VRFC 10-311] analyzing module PartB_tb
