Vivado Simulator 2018.3
Copyright 1986-1999, 2001-2018 Xilinx, Inc. All Rights Reserved.
Running: C:/Xilinx/Vivado/2018.3/bin/unwrapped/win64.o/xelab.exe -wto dd36bb68b27e4e7a990bf431dba52324 --incr --debug typical --relax --mt 2 --maxdelay -L xil_defaultlib -L simprims_ver -L secureip --snapshot PartD_tb_time_synth -transport_int_delays -pulse_r 0 -pulse_int_r 0 -pulse_e 0 -pulse_int_e 0 xil_defaultlib.PartD_tb xil_defaultlib.glbl -log elaborate.log 
Using 2 slave threads.
Starting static elaboration
Completed static elaboration
Starting simulation data flow analysis
Completed simulation data flow analysis
INFO: [XSIM 43-3451] SDF backannotation process started with SDF file "PartD_tb_time_synth.sdf", for root module "PartD_tb/implementation".
INFO: [XSIM 43-3452] SDF backannotation was successful for SDF file "PartD_tb_time_synth.sdf", for root module "PartD_tb/implementation".
Time Resolution for simulation is 1ps
Compiling module simprims_ver.OBUF
Compiling module simprims_ver.IBUF
Compiling module simprims_ver.BUFG
Compiling module simprims_ver.LUT5
Compiling module simprims_ver.LUT4
Compiling module simprims_ver.x_lut2_mux4
Compiling module simprims_ver.LUT2
Compiling module simprims_ver.x_lut3_mux8
Compiling module simprims_ver.LUT3
Compiling module simprims_ver.x_lut1_mux2
Compiling module simprims_ver.LUT1
Compiling module simprims_ver.FDRE_default
Compiling module simprims_ver.CARRY4
Compiling module simprims_ver.FDSE_default
Compiling module xil_defaultlib.baud_controller_0
Compiling module simprims_ver.LUT6
Compiling module simprims_ver.FDCE_default
Compiling module simprims_ver.FDPE_default
Compiling module xil_defaultlib.receive_bits
Compiling module xil_defaultlib.uart_receiver
Compiling module xil_defaultlib.baud_controller
Compiling module xil_defaultlib.ckl_multiplier
Compiling module xil_defaultlib.send_bits
Compiling module xil_defaultlib.uart_transmitter
Compiling module xil_defaultlib.UART
Compiling module xil_defaultlib.PartD_tb
Compiling module xil_defaultlib.glbl
Built simulation snapshot PartD_tb_time_synth
