Vivado Simulator 2018.3
Copyright 1986-1999, 2001-2018 Xilinx, Inc. All Rights Reserved.
Running: C:/Xilinx/Vivado/2018.3/bin/unwrapped/win64.o/xelab.exe -wto dd36bb68b27e4e7a990bf431dba52324 --incr --debug typical --relax --mt 2 -L xil_defaultlib -L unisims_ver -L unimacro_ver -L secureip --snapshot PartB_tb_behav xil_defaultlib.PartB_tb xil_defaultlib.glbl -log elaborate.log 
Using 2 slave threads.
Starting static elaboration
Completed static elaboration
Starting simulation data flow analysis
WARNING: [XSIM 43-4099] "C:/Users/sstat/OneDrive/Documents/GitHub/Digital-Circuit-Lab/Lab2/Lab2.srcs/sources_1/imports/Downloads/PartB.v" Line 1. Module uart_transmitter doesn't have a timescale but at least one module in design has a timescale.
WARNING: [XSIM 43-4099] "C:/Users/sstat/OneDrive/Documents/GitHub/Digital-Circuit-Lab/Lab2/Lab2.srcs/sources_1/imports/Downloads/PartA.v" Line 3. Module baud_controller doesn't have a timescale but at least one module in design has a timescale.
WARNING: [XSIM 43-4099] "C:/Users/sstat/OneDrive/Documents/GitHub/Digital-Circuit-Lab/Lab2/Lab2.srcs/sources_1/imports/Downloads/parameters_check_b.v" Line 1. Module parameter_checkB doesn't have a timescale but at least one module in design has a timescale.
WARNING: [XSIM 43-4099] "C:/Users/sstat/OneDrive/Documents/GitHub/Digital-Circuit-Lab/Lab2/Lab2.srcs/sources_1/imports/Downloads/send_bits.v" Line 1. Module send_bits doesn't have a timescale but at least one module in design has a timescale.
Completed simulation data flow analysis
Time Resolution for simulation is 1ps
Compiling module xil_defaultlib.baud_controller
Compiling module xil_defaultlib.parameter_checkB
Compiling module xil_defaultlib.send_bits
Compiling module xil_defaultlib.uart_transmitter
Compiling module xil_defaultlib.PartB_tb
Compiling module xil_defaultlib.glbl
Built simulation snapshot PartB_tb_behav
