INFO: [VRFC 10-2263] Analyzing Verilog file "C:/Users/sstat/OneDrive/Documents/GitHub/Digital-Circuit-Lab/project_2/project_2.srcs/sources_1/imports/Downloads/AntiBounce.v" into library xil_defaultlib
INFO: [VRFC 10-311] analyzing module AntiBounce
INFO: [VRFC 10-2263] Analyzing Verilog file "C:/Users/sstat/OneDrive/Documents/GitHub/Digital-Circuit-Lab/project_2/project_2.srcs/sources_1/imports/Downloads/Counter.v" into library xil_defaultlib
INFO: [VRFC 10-311] analyzing module FourBitCounter
INFO: [VRFC 10-2263] Analyzing Verilog file "C:/Users/sstat/OneDrive/Documents/GitHub/Digital-Circuit-Lab/project_1/project_1.srcs/sources_1/new/PartA.v" into library xil_defaultlib
INFO: [VRFC 10-311] analyzing module LEDdecoder
INFO: [VRFC 10-2263] Analyzing Verilog file "C:/Users/sstat/OneDrive/Documents/GitHub/Digital-Circuit-Lab/project_1/project_1.srcs/sources_1/new/PartC.v" into library xil_defaultlib
INFO: [VRFC 10-311] analyzing module ButtonRotate
INFO: [VRFC 10-2458] undeclared symbol CLKOUT0, assumed default net type wire [C:/Users/sstat/OneDrive/Documents/GitHub/Digital-Circuit-Lab/project_1/project_1.srcs/sources_1/new/PartC.v:45]
INFO: [VRFC 10-2458] undeclared symbol CLKOUT0B, assumed default net type wire [C:/Users/sstat/OneDrive/Documents/GitHub/Digital-Circuit-Lab/project_1/project_1.srcs/sources_1/new/PartC.v:46]
INFO: [VRFC 10-2458] undeclared symbol CLKOUT1B, assumed default net type wire [C:/Users/sstat/OneDrive/Documents/GitHub/Digital-Circuit-Lab/project_1/project_1.srcs/sources_1/new/PartC.v:48]
INFO: [VRFC 10-2458] undeclared symbol CLKOUT2, assumed default net type wire [C:/Users/sstat/OneDrive/Documents/GitHub/Digital-Circuit-Lab/project_1/project_1.srcs/sources_1/new/PartC.v:49]
INFO: [VRFC 10-2458] undeclared symbol CLKOUT2B, assumed default net type wire [C:/Users/sstat/OneDrive/Documents/GitHub/Digital-Circuit-Lab/project_1/project_1.srcs/sources_1/new/PartC.v:50]
INFO: [VRFC 10-2458] undeclared symbol CLKOUT3, assumed default net type wire [C:/Users/sstat/OneDrive/Documents/GitHub/Digital-Circuit-Lab/project_1/project_1.srcs/sources_1/new/PartC.v:51]
INFO: [VRFC 10-2458] undeclared symbol CLKOUT3B, assumed default net type wire [C:/Users/sstat/OneDrive/Documents/GitHub/Digital-Circuit-Lab/project_1/project_1.srcs/sources_1/new/PartC.v:52]
INFO: [VRFC 10-2458] undeclared symbol CLKOUT4, assumed default net type wire [C:/Users/sstat/OneDrive/Documents/GitHub/Digital-Circuit-Lab/project_1/project_1.srcs/sources_1/new/PartC.v:53]
INFO: [VRFC 10-2458] undeclared symbol CLKOUT5, assumed default net type wire [C:/Users/sstat/OneDrive/Documents/GitHub/Digital-Circuit-Lab/project_1/project_1.srcs/sources_1/new/PartC.v:54]
INFO: [VRFC 10-2458] undeclared symbol CLKOUT6, assumed default net type wire [C:/Users/sstat/OneDrive/Documents/GitHub/Digital-Circuit-Lab/project_1/project_1.srcs/sources_1/new/PartC.v:55]
INFO: [VRFC 10-2458] undeclared symbol CLKFBIN, assumed default net type wire [C:/Users/sstat/OneDrive/Documents/GitHub/Digital-Circuit-Lab/project_1/project_1.srcs/sources_1/new/PartC.v:57]
INFO: [VRFC 10-2458] undeclared symbol CLKFBOUTB, assumed default net type wire [C:/Users/sstat/OneDrive/Documents/GitHub/Digital-Circuit-Lab/project_1/project_1.srcs/sources_1/new/PartC.v:58]
INFO: [VRFC 10-2458] undeclared symbol LOCKED, assumed default net type wire [C:/Users/sstat/OneDrive/Documents/GitHub/Digital-Circuit-Lab/project_1/project_1.srcs/sources_1/new/PartC.v:60]
INFO: [VRFC 10-2458] undeclared symbol PWRDWN, assumed default net type wire [C:/Users/sstat/OneDrive/Documents/GitHub/Digital-Circuit-Lab/project_1/project_1.srcs/sources_1/new/PartC.v:64]
INFO: [VRFC 10-2458] undeclared symbol RST, assumed default net type wire [C:/Users/sstat/OneDrive/Documents/GitHub/Digital-Circuit-Lab/project_1/project_1.srcs/sources_1/new/PartC.v:65]
INFO: [VRFC 10-2263] Analyzing Verilog file "C:/Users/sstat/OneDrive/Documents/GitHub/Digital-Circuit-Lab/project_2/project_2.srcs/sources_1/imports/Downloads/Poiner_adder.v" into library xil_defaultlib
INFO: [VRFC 10-311] analyzing module PointerAdder
INFO: [VRFC 10-2263] Analyzing Verilog file "C:/Users/sstat/OneDrive/Documents/GitHub/Digital-Circuit-Lab/project_2/project_2.srcs/sources_1/imports/Downloads/Synchronizer.v" into library xil_defaultlib
INFO: [VRFC 10-311] analyzing module SignalSynchronizer
INFO: [VRFC 10-2263] Analyzing Verilog file "C:/Users/sstat/OneDrive/Documents/GitHub/Digital-Circuit-Lab/project_1/project_1.srcs/sources_1/new/anodes.v" into library xil_defaultlib
INFO: [VRFC 10-311] analyzing module anodes
INFO: [VRFC 10-2263] Analyzing Verilog file "C:/Users/sstat/OneDrive/Documents/GitHub/Digital-Circuit-Lab/project_1/project_1.srcs/sim_3/new/PartC_tb.v" into library xil_defaultlib
INFO: [VRFC 10-311] analyzing module PartC_tb
